# Preference setting overrides
gui_create_pref_key -category {Globals} -key {load_detail_for_funcov} -value_type {bool} -value {false}

# State setting overrides
gui_state_default_create -off -ini
gui_create_state_key -category FindDialog -key m_pMatchCase -value_type bool -value false
gui_create_state_key -category FindDialog -key m_pMatchWord -value_type bool -value false
gui_create_state_key -category FindDialog -key m_pUseCombo -value_type string -value {}
gui_create_state_key -category FindDialog -key m_pWrapAround -value_type bool -value true
gui_state_default_create -off

# Begin command logging
gui_set_pref_value -category {Globals} -key {smart_resize} -value {false}
gui_set_pref_value -category {Globals} -key {smart_resize} -value {true}
gui_sim_run Ucli -exe out/simv -args {-ucligui  -vpd_file /tmp/interr0483515.vpd} -dir out
gui_sim_watch { -file  $::env(PWD)/src/test/tbench_top.sv  -line  24  }
gui_list_select -id Data.1 -selected  { {tbench_top.ACCUMULATION_WIDTH[31:0]}   }
gui_list_expand -id  Hier.1   _vcs_unit__3685399459
gui_list_select -id Hier.1 -current_item_name {_vcs_unit__3685399459.\Checker#(<unknown-value>) } -current_item_type Scope  -selected  { {_vcs_unit__3685399459.\Checker#(<unknown-value>) }   }
gui_list_select -id Hier.1 -current_item_name {_vcs_unit__3685399459.\Checker#(<unknown-value>) } -current_item_type Scope  -selected  {  }
gui_sim_watch { -file  $::env(PWD)/src/test/tbench_top.sv  -line  24  }
gui_show_window -window  Local.1
gui_show_window -window  Stack.1
gui_show_window -window  Member.1
gui_show_window -window  Class.1
gui_show_window -window  Object.1
gui_show_window -window  Data.1
gui_show_window -window  Hier.1
gui_list_expand -id  Hier.1   _vcs_unit__3685399459.Scoreboard
gui_list_select -id Hier.1 -current_item_name _vcs_unit__3685399459.Scoreboard -current_item_type Scope  -selected  { _vcs_unit__3685399459.Scoreboard   }
gui_list_action -id  Hier.1 _vcs_unit__3685399459.Scoreboard
gui_list_select -id Hier.1 -current_item_name {_vcs_unit__3685399459.\Monitor#(<unknown-value>) } -current_item_type Scope  -selected  { {_vcs_unit__3685399459.\Monitor#(<unknown-value>) }   }
gui_list_expand -id Hier.1   {_vcs_unit__3685399459.\Monitor#(<unknown-value>) }
gui_list_action -id  Hier.1 {_vcs_unit__3685399459.\Monitor#(<unknown-value>) }
gui_list_select -id Hier.1 -current_item_name {_vcs_unit__3685399459.\Generator#(<unknown-value>) } -current_item_type Scope  -selected  { {_vcs_unit__3685399459.\Generator#(<unknown-value>) }   }
gui_list_expand -id Hier.1   {_vcs_unit__3685399459.\Generator#(<unknown-value>) }
gui_list_action -id  Hier.1 {_vcs_unit__3685399459.\Generator#(<unknown-value>) }
gui_list_select -id Hier.1 -current_item_name {_vcs_unit__3685399459.\Environment#(<unknown-value>) } -current_item_type Scope  -selected  { {_vcs_unit__3685399459.\Environment#(<unknown-value>) }   }
gui_list_expand -id Hier.1   {_vcs_unit__3685399459.\Environment#(<unknown-value>) }
gui_list_action -id  Hier.1 {_vcs_unit__3685399459.\Environment#(<unknown-value>) }
gui_src_highlight_item -id Source.1 -lfrom 45 -idxfrom 4 -fileIdFrom 0 -lto 45 -idxto 12 -fileIdTo 0 -selection {pre_test} -selectionId 0 -replace 0
gui_list_select -id Hier.1 -current_item_name {_vcs_unit__3685399459.\Driver#(<unknown-value>) } -current_item_type Scope  -selected  { {_vcs_unit__3685399459.\Driver#(<unknown-value>) }   }
gui_list_expand -id Hier.1   {_vcs_unit__3685399459.\Driver#(<unknown-value>) }
gui_list_action -id  Hier.1 {_vcs_unit__3685399459.\Driver#(<unknown-value>) }
gui_src_highlight_item -id Source.1 -lfrom 54 -idxfrom 1 -fileIdFrom 0 -lto 63 -idxto 1 -fileIdTo 0 -selection {      $display("[DRV] ----- Driving a new input feature map -----");
      for(int x=0;x<cfg.FEATURE_MAP_WIDTH; x++) begin
        $display("[DRV] %.2f %% of the input is transferred", ((x)*100.0)/cfg.FEATURE_MAP_WIDTH);
        for(int y=0;y<cfg.FEATURE_MAP_HEIGHT; y++) begin
          for(int inch=0;inch<cfg.INPUT_NB_CHANNELS; inch++) begin
            for(int outch=0;outch<cfg.OUTPUT_NB_CHANNELS; outch++) begin
              for(int ky=0;ky<cfg.KERNEL_SIZE; ky++) begin
                for(int kx=0;kx<cfg.KERNEL_SIZE; kx++) begin
 
} -selectionId 0 -replace 0
gui_src_highlight_item -id Source.1 -lfrom 54 -idxfrom 1 -fileIdFrom 0 -lto 87 -idxto 9 -fileIdTo 0 -selection {      $display("[DRV] ----- Driving a new input feature map -----");
      for(int x=0;x<cfg.FEATURE_MAP_WIDTH; x++) begin
        $display("[DRV] %.2f %% of the input is transferred", ((x)*100.0)/cfg.FEATURE_MAP_WIDTH);
        for(int y=0;y<cfg.FEATURE_MAP_HEIGHT; y++) begin
          for(int inch=0;inch<cfg.INPUT_NB_CHANNELS; inch++) begin
            for(int outch=0;outch<cfg.OUTPUT_NB_CHANNELS; outch++) begin
              for(int ky=0;ky<cfg.KERNEL_SIZE; ky++) begin
                for(int kx=0;kx<cfg.KERNEL_SIZE; kx++) begin
 
                  //drive a (one word from feature)
                  intf_i.cb.a_valid <= 1;
                  if( x+kx-cfg.KERNEL_SIZE/2 >= 0 && x+kx-cfg.KERNEL_SIZE/2 < cfg.FEATURE_MAP_WIDTH
                    &&y+ky-cfg.KERNEL_SIZE/2 >= 0 && y+ky-cfg.KERNEL_SIZE/2 < cfg.FEATURE_MAP_HEIGHT) begin
                    assert (!$isunknown(tract_feature.inputs[y+ky-cfg.KERNEL_SIZE/2 ][x+kx-cfg.KERNEL_SIZE/2][inch]));
                    intf_i.cb.a_input <= tract_feature.inputs[y+ky-cfg.KERNEL_SIZE/2 ][x+kx-cfg.KERNEL_SIZE/2][inch];
                  end else begin
                    intf_i.cb.a_input <= 0; // zero padding for boundary cases
                  end
                  @(intf_i.cb iff intf_i.cb.a_ready);
                  intf_i.cb.a_valid <= 0;
 
                  //drive a (one word from kernel)
                  intf_i.cb.b_valid <= 1;
                  assert (!$isunknown(tract_kernel.kernel[ky][kx][inch][outch]));
                  intf_i.cb.b_input <= tract_kernel.kernel[ky][kx][inch][outch];
                  @(intf_i.cb iff intf_i.cb.b_ready);
                  intf_i.cb.b_valid <= 0;
                end
              end
            end
          end
        end
      end} -selectionId 0 -replace 0
gui_src_highlight_item -id Source.1 -lfrom 66 -idxfrom 22 -fileIdFrom 0 -lto 66 -idxto 47 -fileIdTo 0 -selection {x+kx-cfg.KERNEL_SIZE/2 >=} -selectionId 0 -replace 0
gui_src_highlight_item -id Source.1 -lfrom 71 -idxfrom 46 -fileIdFrom 0 -lto 71 -idxto 78 -fileIdTo 0 -selection { zero padding for boundary cases} -selectionId 0 -replace 0
gui_src_highlight_item -id Source.1 -lfrom 69 -idxfrom 41 -fileIdFrom 0 -lto 69 -idxto 80 -fileIdTo 0 -selection {tract_feature.inputs[y+ky-cfg.KERNEL_SI} -selectionId 0 -replace 0
gui_src_highlight_item -id Source.1 -lfrom 67 -idxfrom 27 -fileIdFrom 0 -lto 67 -idxto 42 -fileIdTo 0 -selection {cfg.KERNEL_SIZE} -selectionId 0 -replace 0
gui_src_highlight_item -id Source.1 -lfrom 66 -idxfrom 21 -fileIdFrom 0 -lto 67 -idxto 96 -fileIdTo 0 -selection { x+kx-cfg.KERNEL_SIZE/2 >= 0 && x+kx-cfg.KERNEL_SIZE/2 < cfg.FEATURE_MAP_WIDTH
                    &&y+ky-cfg.KERNEL_SIZE/2 >= 0 && y+ky-cfg.KERNEL_SIZE/2 < cfg.FEATURE_MAP_HE} -selectionId 0 -replace 0
gui_src_highlight_item -id Source.1 -lfrom 69 -idxfrom 20 -fileIdFrom 0 -lto 69 -idxto 37 -fileIdTo 0 -selection {intf_i.cb.a_input} -selectionId 0 -replace 0
gui_src_highlight_item -id Source.1 -lfrom 69 -idxfrom 43 -fileIdFrom 0 -lto 69 -idxto 91 -fileIdTo 0 -selection {act_feature.inputs[y+ky-cfg.KERNEL_SIZE/2 ][x+kx} -selectionId 0 -replace 0
gui_src_highlight_item -id Source.1 -lfrom 78 -idxfrom 26 -fileIdFrom 0 -lto 78 -idxto 37 -fileIdTo 0 -selection {!$isunknown} -selectionId 0 -replace 0
gui_src_highlight_item -id Source.1 -lfrom 78 -idxfrom 27 -fileIdFrom 0 -lto 78 -idxto 37 -fileIdTo 0 -selection {$isunknown} -selectionId 0 -replace 0
gui_src_highlight_item -id Source.1 -lfrom 78 -idxfrom 26 -fileIdFrom 0 -lto 78 -idxto 37 -fileIdTo 0 -selection {!$isunknown} -selectionId 0 -replace 0
gui_src_highlight_item -id Source.1 -lfrom 78 -idxfrom 27 -fileIdFrom 0 -lto 78 -idxto 37 -fileIdTo 0 -selection {$isunknown} -selectionId 0 -replace 0
gui_src_highlight_item -id Source.1 -lfrom 78 -idxfrom 27 -fileIdFrom 0 -lto 78 -idxto 28 -fileIdTo 0 -selection {$} -selectionId 0 -replace 0
gui_src_highlight_item -id Source.1 -lfrom 78 -idxfrom 27 -fileIdFrom 0 -lto 78 -idxto 37 -fileIdTo 0 -selection {$isunknown} -selectionId 0 -replace 0
gui_src_highlight_item -id Source.1 -lfrom 78 -idxfrom 18 -fileIdFrom 0 -lto 78 -idxto 51 -fileIdTo 0 -selection {assert (!$isunknown(tract_kernel.} -selectionId 0 -replace 0
gui_src_highlight_item -id Source.1 -lfrom 78 -idxfrom 38 -fileIdFrom 0 -lto 78 -idxto 50 -fileIdTo 0 -selection {tract_kernel} -selectionId 0 -replace 0
gui_src_highlight_item -id Source.1 -lfrom 78 -idxfrom 27 -fileIdFrom 0 -lto 78 -idxto 29 -fileIdTo 0 -selection {$i} -selectionId 0 -replace 0
gui_src_highlight_item -id Source.1 -lfrom 78 -idxfrom 26 -fileIdFrom 0 -lto 78 -idxto 27 -fileIdTo 0 -selection {!} -selectionId 0 -replace 0
gui_src_highlight_item -id Source.1 -lfrom 78 -idxfrom 27 -fileIdFrom 0 -lto 78 -idxto 29 -fileIdTo 0 -selection {$i} -selectionId 0 -replace 0
gui_src_highlight_item -id Source.1 -lfrom 77 -idxfrom 41 -fileIdFrom 0 -lto 78 -idxto 41 -fileIdTo 0 -selection {
                  assert (!$isunknown(tra} -selectionId 0 -replace 0
gui_src_highlight_item -id Source.1 -lfrom 78 -idxfrom 38 -fileIdFrom 0 -lto 78 -idxto 50 -fileIdTo 0 -selection {tract_kernel} -selectionId 0 -replace 0
gui_src_highlight_item -id Source.1 -lfrom 78 -idxfrom 58 -fileIdFrom 0 -lto 78 -idxto 60 -fileIdTo 0 -selection {ky} -selectionId 0 -replace 0
gui_src_highlight_item -id Source.1 -lfrom 78 -idxfrom 38 -fileIdFrom 0 -lto 78 -idxto 78 -fileIdTo 0 -selection {tract_kernel.kernel[ky][kx][inch][outch]} -selectionId 0 -replace 0
gui_src_highlight_item -id Source.1 -lfrom 78 -idxfrom 72 -fileIdFrom 0 -lto 78 -idxto 77 -fileIdTo 0 -selection {outch} -selectionId 0 -replace 0
gui_src_highlight_item -id Source.1 -lfrom 80 -idxfrom 18 -fileIdFrom 0 -lto 80 -idxto 19 -fileIdTo 0 -selection {@} -selectionId 0 -replace 0
gui_src_highlight_item -id Source.1 -lfrom 80 -idxfrom 18 -fileIdFrom 0 -lto 80 -idxto 19 -fileIdTo 0 -selection {@} -selectionId 0 -replace 0
gui_src_highlight_item -id Source.1 -lfrom 81 -idxfrom 18 -fileIdFrom 0 -lto 81 -idxto 24 -fileIdTo 0 -selection {intf_i} -selectionId 0 -replace 0
gui_src_highlight_item -id Source.1 -lfrom 80 -idxfrom 18 -fileIdFrom 0 -lto 80 -idxto 53 -fileIdTo 0 -selection {@(intf_i.cb iff intf_i.cb.b_ready);} -selectionId 0 -replace 0
gui_src_highlight_item -id Source.1 -lfrom 63 -idxfrom 1 -fileIdFrom 0 -lto 74 -idxto 41 -fileIdTo 0 -selection {                  //drive a (one word from feature)
                  intf_i.cb.a_valid <= 1;
                  if( x+kx-cfg.KERNEL_SIZE/2 >= 0 && x+kx-cfg.KERNEL_SIZE/2 < cfg.FEATURE_MAP_WIDTH
                    &&y+ky-cfg.KERNEL_SIZE/2 >= 0 && y+ky-cfg.KERNEL_SIZE/2 < cfg.FEATURE_MAP_HEIGHT) begin
                    assert (!$isunknown(tract_feature.inputs[y+ky-cfg.KERNEL_SIZE/2 ][x+kx-cfg.KERNEL_SIZE/2][inch]));
                    intf_i.cb.a_input <= tract_feature.inputs[y+ky-cfg.KERNEL_SIZE/2 ][x+kx-cfg.KERNEL_SIZE/2][inch];
                  end else begin
                    intf_i.cb.a_input <= 0; // zero padding for boundary cases
                  end
                  @(intf_i.cb iff intf_i.cb.a_ready);
                  intf_i.cb.a_valid <= 0;} -selectionId 0 -replace 0
gui_src_highlight_item -id Source.1 -lfrom 69 -idxfrom 37 -fileIdFrom 0 -lto 69 -idxto 83 -fileIdTo 0 -selection { <= tract_feature.inputs[y+ky-cfg.KERNEL_SIZE/} -selectionId 0 -replace 0
gui_src_highlight_item -id Source.1 -lfrom 76 -idxfrom 18 -fileIdFrom 0 -lto 76 -idxto 50 -fileIdTo 0 -selection {//drive a (one word from kernel)} -selectionId 0 -replace 0
gui_src_highlight_item -id Source.1 -lfrom 64 -idxfrom 18 -fileIdFrom 0 -lto 64 -idxto 47 -fileIdTo 0 -selection {//drive a (one word from feat} -selectionId 0 -replace 0
gui_src_highlight_item -id Source.1 -lfrom 65 -idxfrom 28 -fileIdFrom 0 -lto 65 -idxto 41 -fileIdTo 0 -selection {a_valid <= 1;} -selectionId 0 -replace 0
gui_src_highlight_item -id Source.1 -lfrom 77 -idxfrom 27 -fileIdFrom 0 -lto 77 -idxto 40 -fileIdTo 0 -selection {.b_valid <= 1} -selectionId 0 -replace 0
gui_src_highlight_item -id Source.1 -lfrom 77 -idxfrom 18 -fileIdFrom 0 -lto 81 -idxto 41 -fileIdTo 0 -selection {intf_i.cb.b_valid <= 1;
                  assert (!$isunknown(tract_kernel.kernel[ky][kx][inch][outch]));
                  intf_i.cb.b_input <= tract_kernel.kernel[ky][kx][inch][outch];
                  @(intf_i.cb iff intf_i.cb.b_ready);
                  intf_i.cb.b_valid <= 0;} -selectionId 0 -replace 0
gui_src_highlight_item -id Source.1 -lfrom 90 -idxfrom 6 -fileIdFrom 0 -lto 101 -idxto 111 -fileIdTo 0 -selection {$display("\n\n------------------\nLATENCY: input processed in %t\n------------------\n", $time() - starttime);
 
      //add mac cost to energy:
      tbench_top.energy += 0.0001 * cfg.KERNEL_SIZE * cfg.KERNEL_SIZE * cfg.INPUT_NB_CHANNELS * cfg.FEATURE_MAP_WIDTH * cfg.FEATURE_MAP_HEIGHT * cfg.OUTPUT_NB_CHANNELS;
 
      $display("------------------\nENERGY:  %0d\n------------------\n", tbench_top.energy);
 
      $display("------------------\nENERGYxLATENCY PRODUCT (/1e9):  %0d\n------------------\n", (longint'(tbench_top.energy) * ($time() - starttime))/1e9);
 
      tbench_top.energy=0;
 
      $display("\n------------------\nAREA (breakdown see start): %0d\n------------------\n", tbench_top.area);} -selectionId 0 -replace 0
gui_list_select -id Hier.1 -current_item_name {_vcs_unit__3685399459.\Checker#(<unknown-value>) } -current_item_type Scope  -selected  { {_vcs_unit__3685399459.\Checker#(<unknown-value>) }   }
gui_list_expand -id Hier.1   {_vcs_unit__3685399459.\Checker#(<unknown-value>) }
gui_list_action -id  Hier.1 {_vcs_unit__3685399459.\Checker#(<unknown-value>) }
gui_src_highlight_item -id Source.1 -lfrom 48 -idxfrom 14 -fileIdFrom 0 -lto 49 -idxto 48 -fileIdTo 0 -selection {
            feature = 0; // zero padding for bou} -selectionId 0 -replace 0
gui_list_expand -id  Hier.1   {_vcs_unit__3685399459.\Checker#(<unknown-value>)::golden_output }
gui_list_collapse -id  Hier.1   {_vcs_unit__3685399459.\Checker#(<unknown-value>)::golden_output }
gui_list_expand -id  Hier.1   tbench_top
gui_list_expand -id  Hier.1   tbench_top.dut
gui_list_select -id Hier.1 -current_item_name tbench_top.dut -current_item_type Scope  -selected  { tbench_top.dut   }
gui_list_action -id  Hier.1 tbench_top.dut
gui_list_select -id Hier.1 -current_item_name tbench_top -current_item_type Scope  -selected  { tbench_top   }
gui_list_action -id  Hier.1 tbench_top
gui_src_highlight_item -id Source.1 -lfrom 38 -idxfrom 3 -fileIdFrom 0 -lto 40 -idxto 10 -fileIdTo 0 -selection {/clock
  bit clk;
  always #} -selectionId 0 -replace 0
gui_src_highlight_item -id Source.1 -lfrom 43 -idxfrom 3 -fileIdFrom 0 -lto 43 -idxto 10 -fileIdTo 0 -selection {ntf #(c} -selectionId 0 -replace 0
gui_src_highlight_item -id Source.1 -lfrom 45 -idxfrom 2 -fileIdFrom 0 -lto 45 -idxto 13 -fileIdTo 0 -selection {testprogram} -selectionId 0 -replace 0
gui_src_highlight_item -id Source.1 -lfrom 46 -idxfrom 1 -fileIdFrom 0 -lto 58 -idxto 9 -fileIdTo 0 -selection {  //DUT
  top_system #(
  .IO_DATA_WIDTH     (DATA_WIDTH),
  .ACCUMULATION_WIDTH(ACCUMULATION_WIDTH),
  .EXT_MEM_HEIGHT    (EXT_MEM_HEIGHT),
  .EXT_MEM_WIDTH     (EXT_MEM_WIDTH),
  .FEATURE_MAP_WIDTH (FEATURE_MAP_WIDTH),
  .FEATURE_MAP_HEIGHT(FEATURE_MAP_HEIGHT),
  .INPUT_NB_CHANNELS (INPUT_NB_CHANNELS),
  .OUTPUT_NB_CHANNELS(OUTPUT_NB_CHANNELS),
  .KERNEL_SIZE       (KERNEL_SIZE)
  ) dut (} -selectionId 0 -replace 0
gui_list_select -id Hier.1 -current_item_name tbench_top.dut -current_item_type Scope  -selected  { tbench_top.dut   }
gui_list_action -id  Hier.1 tbench_top.dut
gui_src_highlight_item -id Source.1 -lfrom 4 -idxfrom 0 -fileIdFrom 0 -lto 12 -idxto 33 -fileIdTo 0 -selection {    parameter int IO_DATA_WIDTH = 16,
    parameter int ACCUMULATION_WIDTH = 32,
    parameter int EXT_MEM_HEIGHT = 1<<20,
    parameter int EXT_MEM_WIDTH = ACCUMULATION_WIDTH,
    parameter int FEATURE_MAP_WIDTH = 1024,
    parameter int FEATURE_MAP_HEIGHT = 1024,
    parameter int INPUT_NB_CHANNELS = 64,
    parameter int OUTPUT_NB_CHANNELS = 64,
    parameter int KERNEL_SIZE = 3} -selectionId 0 -replace 0
gui_src_highlight_item -id Source.1 -lfrom 46 -idxfrom 3 -fileIdFrom 0 -lto 52 -idxto 3 -fileIdTo 0 -selection {/a simple pseudo-2 port memory (can read and write simultaneously)
  //Feel free to write a single port memory (inout data, either write or read every cycle) to decrease your bandwidth
  memory #(
    .WIDTH(EXT_MEM_WIDTH),
    .HEIGHT(EXT_MEM_HEIGHT),
    .USED_AS_EXTERNAL_MEM(1)
  )} -selectionId 0 -replace 0
gui_src_highlight_item -id Source.1 -lfrom 46 -idxfrom 2 -fileIdFrom 0 -lto 47 -idxto 4 -fileIdTo 0 -selection {//a simple pseudo-2 port memory (can read and write simultaneously)
  //} -selectionId 0 -replace 0
gui_src_highlight_item -id Source.1 -lfrom 53 -idxfrom 3 -fileIdFrom 0 -lto 53 -idxto 7 -fileIdTo 0 -selection {xt_m} -selectionId 0 -replace 0
gui_list_select -id Hier.1 -current_item_name tbench_top.dut.top_chip_i -current_item_type Scope  -selected  { tbench_top.dut.top_chip_i   }
gui_list_expand -id Hier.1   tbench_top.dut.top_chip_i
gui_list_action -id  Hier.1 tbench_top.dut.top_chip_i
gui_list_select -id Hier.1 -current_item_name tbench_top.dut.top_chip_i.a_r -current_item_type Scope  -selected  { tbench_top.dut.top_chip_i.a_r   }
gui_list_action -id  Hier.1 tbench_top.dut.top_chip_i.a_r
gui_list_select -id Hier.1 -current_item_name tbench_top.dut.top_chip_i.controller -current_item_type Scope  -selected  { tbench_top.dut.top_chip_i.controller   }
gui_list_expand -id Hier.1   tbench_top.dut.top_chip_i.controller
gui_list_action -id  Hier.1 tbench_top.dut.top_chip_i.controller
gui_list_select -id Hier.1 -current_item_name tbench_top.dut.top_chip_i.mac_unit -current_item_type Scope  -selected  { tbench_top.dut.top_chip_i.mac_unit   }
gui_list_expand -id Hier.1   tbench_top.dut.top_chip_i.mac_unit
gui_list_action -id  Hier.1 tbench_top.dut.top_chip_i.mac_unit
gui_list_select -id Hier.1 -current_item_name tbench_top.dut.top_chip_i.mac_unit.accumulator_value_r -current_item_type Scope  -selected  { tbench_top.dut.top_chip_i.mac_unit.accumulator_value_r   }
gui_list_action -id  Hier.1 tbench_top.dut.top_chip_i.mac_unit.accumulator_value_r
gui_list_select -id Hier.1 -current_item_name tbench_top.dut.top_chip_i.mac_unit -current_item_type Scope  -selected  { tbench_top.dut.top_chip_i.mac_unit   }
gui_list_action -id  Hier.1 tbench_top.dut.top_chip_i.mac_unit
gui_list_select -id Hier.1 -current_item_name tbench_top.dut.top_chip_i.mac_unit.accumulator_value_r -current_item_type Scope  -selected  { tbench_top.dut.top_chip_i.mac_unit.accumulator_value_r   }
gui_list_action -id  Hier.1 tbench_top.dut.top_chip_i.mac_unit.accumulator_value_r
gui_list_select -id Hier.1 -current_item_name tbench_top.dut.top_chip_i.mac_unit.add -current_item_type Scope  -selected  { tbench_top.dut.top_chip_i.mac_unit.add   }
gui_list_expand -id Hier.1   tbench_top.dut.top_chip_i.mac_unit.add
gui_list_action -id  Hier.1 tbench_top.dut.top_chip_i.mac_unit.add
gui_src_highlight_item -id Source.1 -lfrom 8 -idxfrom 2 -fileIdFrom 0 -lto 9 -idxto 5 -fileIdTo 0 -selection {input logic signed [A_WIDTH-1:0] a,
  inp} -selectionId 0 -replace 0
gui_src_highlight_item -id Source.1 -lfrom 10 -idxfrom 23 -fileIdFrom 0 -lto 10 -idxto 32 -fileIdTo 0 -selection {OUT_WIDTH} -selectionId 0 -replace 0
gui_src_highlight_item -id Source.1 -lfrom 12 -idxfrom 13 -fileIdFrom 0 -lto 12 -idxto 51 -fileIdTo 0 -selection {INTERMEDIATE_WIDTH = A_WIDTH + B_WIDTH} -selectionId 0 -replace 0
gui_src_highlight_item -id Source.1 -lfrom 22 -idxfrom 1 -fileIdFrom 0 -lto 23 -idxto 52 -fileIdTo 0 -selection { logic signed [OUT_WIDTH-1:0] out_wo_delay;
  assign out_wo_delay = unscaled_out >>> OUT_SCALE;;} -selectionId 0 -replace 0
gui_src_highlight_item -id Source.1 -lfrom 23 -idxfrom 9 -fileIdFrom 0 -lto 23 -idxto 21 -fileIdTo 0 -selection {out_wo_delay} -selectionId 0 -replace 0
gui_src_highlight_item -id Source.1 -lfrom 25 -idxfrom 11 -fileIdFrom 0 -lto 25 -idxto 23 -fileIdTo 0 -selection {out_wo_delay} -selectionId 0 -replace 0
gui_src_highlight_item -id Source.1 -lfrom 23 -idxfrom 9 -fileIdFrom 0 -lto 23 -idxto 21 -fileIdTo 0 -selection {out_wo_delay} -selectionId 0 -replace 0
gui_src_highlight_item -id Source.1 -lfrom 23 -idxfrom 9 -fileIdFrom 0 -lto 23 -idxto 21 -fileIdTo 0 -selection {out_wo_delay} -selectionId 0 -replace 0
gui_show_drivers -signal  {tbench_top.dut.top_chip_i.mac_unit.add.out_wo_delay[31:0]}
gui_get_drivers -id Source.1 -signal {tbench_top.dut.top_chip_i.mac_unit.add.out_wo_delay[31:0]}
gui_sim_watch { -file  $::env(PWD)/src/rtl_building_blocks/device/adder.sv  -line  23  }
gui_sim_watch { -disable {1}}
gui_sim_watch { -delete { 1} }
gui_sim_watch { -file  $::env(PWD)/src/rtl_building_blocks/device/adder.sv  -line  19  }
gui_sim_watch { -file  $::env(PWD)/src/rtl_building_blocks/device/adder.sv  -line  23  }
gui_sim_watch { -disable {2}}
gui_sim_watch { -disable {3}}
gui_sim_watch { -delete [gui_watch_info -ids] }
gui_clear_drivers_loads -selected -id TopLevel.1
gui_src_highlight_item -id Source.1 -lfrom 28 -idxfrom 19 -fileIdFrom 0 -lto 28 -idxto 29 -fileIdTo 0 -selection {delay_x100} -selectionId 0 -replace 0
gui_src_highlight_item -id Source.1 -lfrom 27 -idxfrom 8 -fileIdFrom 0 -lto 27 -idxto 18 -fileIdTo 0 -selection {delay_x100} -selectionId 0 -replace 0
gui_src_highlight_item -id Source.1 -lfrom 28 -idxfrom 19 -fileIdFrom 0 -lto 28 -idxto 29 -fileIdTo 0 -selection {delay_x100} -selectionId 0 -replace 0
gui_src_highlight_item -id Source.1 -lfrom 25 -idxfrom 11 -fileIdFrom 0 -lto 25 -idxto 23 -fileIdTo 0 -selection {out_wo_delay} -selectionId 0 -replace 0
gui_src_highlight_item -id Source.1 -lfrom 27 -idxfrom 3 -fileIdFrom 0 -lto 39 -idxto 13 -fileIdTo 0 -selection { int delay_x100;
    std::randomize(delay_x100) with {delay_x100 dist {1:=1, [2:99]:/1};};
    fork begin
      fork begin
        #(delay_x100/100.0);
        out <= out_wo_delay;
      end begin
        @(posedge tbench_top.clk);
        $display("ERROR: rising clock edge detected while datapath is still busy. Your clock period is too short for your critical path! Increase it at the top of tbench_top.sv");
        $finish;
      end join_any;
      disable fork;
    end join;} -selectionId 0 -replace 0
gui_src_highlight_item -id Source.1 -lfrom 32 -idxfrom 15 -fileIdFrom 0 -lto 32 -idxto 27 -fileIdTo 0 -selection {out_wo_delay} -selectionId 0 -replace 0
gui_src_highlight_item -id Source.1 -lfrom 19 -idxfrom 9 -fileIdFrom 0 -lto 19 -idxto 21 -fileIdTo 0 -selection {unscaled_out} -selectionId 0 -replace 0
gui_src_highlight_item -id Source.1 -lfrom 17 -idxfrom 9 -fileIdFrom 0 -lto 17 -idxto 19 -fileIdTo 0 -selection {b_extended} -selectionId 0 -replace 0
gui_src_highlight_item -id Source.1 -lfrom 19 -idxfrom 9 -fileIdFrom 0 -lto 19 -idxto 21 -fileIdTo 0 -selection {unscaled_out} -selectionId 0 -replace 0
gui_src_highlight_item -id Source.1 -lfrom 19 -idxfrom 26 -fileIdFrom 0 -lto 19 -idxto 27 -fileIdTo 0 -selection {b} -selectionId 0 -replace 0
gui_src_highlight_item -id Source.1 -lfrom 1 -idxfrom 0 -fileIdFrom 0 -lto 50 -idxto 9 -fileIdTo 0 -selection {module adder #(
  parameter int A_WIDTH = 16,
  parameter int B_WIDTH = 16,
  parameter int OUT_WIDTH = $max(A_WIDTH, B_WIDTH)+1,
  parameter int OUT_SCALE = 0
  )
  (
  input logic signed [A_WIDTH-1:0] a,
  input logic signed [B_WIDTH-1:0] b,
  output logic signed [OUT_WIDTH-1:0] out);
 
  localparam INTERMEDIATE_WIDTH = A_WIDTH + B_WIDTH;
 
  logic signed [INTERMEDIATE_WIDTH-1:0] a_extended;
  assign a_extended = a;
  logic signed [INTERMEDIATE_WIDTH-1:0] b_extended;
  assign b_extended = b;
  logic signed [INTERMEDIATE_WIDTH-1:0] unscaled_out;
  assign unscaled_out = a+b;
 
 
  logic signed [OUT_WIDTH-1:0] out_wo_delay;
  assign out_wo_delay = unscaled_out >>> OUT_SCALE;;
 
  always @(out_wo_delay) begin
    // random delay between 0 and 1 as both hold and setup simulation
    int delay_x100;
    std::randomize(delay_x100) with {delay_x100 dist {1:=1, [2:99]:/1};};
    fork begin
      fork begin
        #(delay_x100/100.0);
        out <= out_wo_delay;
      end begin
        @(posedge tbench_top.clk);
        $display("ERROR: rising clock edge detected while datapath is still busy. Your clock period is too short for your critical path! Increase it at the top of tbench_top.sv");
        $finish;
      end join_any;
      disable fork;
    end join;
  end
 
  //area logging
  initial begin
    #0;
    tbench_top.area += 1000;
    $display("%m added %d to area", 1000);
  end
 
 
endmodule} -selectionId 0 -replace 0
gui_src_highlight_item -id Source.1 -lfrom 19 -idxfrom 24 -fileIdFrom 0 -lto 19 -idxto 27 -fileIdTo 0 -selection {a+b} -selectionId 0 -replace 0
gui_list_select -id Hier.1 -current_item_name tbench_top.dut.top_chip_i.mac_unit.mul -current_item_type Scope  -selected  { tbench_top.dut.top_chip_i.mac_unit.mul   }
gui_list_expand -id Hier.1   tbench_top.dut.top_chip_i.mac_unit.mul
gui_list_action -id  Hier.1 tbench_top.dut.top_chip_i.mac_unit.mul
gui_src_highlight_item -id Source.1 -lfrom 14 -idxfrom 0 -fileIdFrom 0 -lto 19 -idxto 28 -fileIdTo 0 -selection {  logic signed [INTERMEDIATE_WIDTH-1:0] a_extended;
  assign a_extended = a;
  logic signed [INTERMEDIATE_WIDTH-1:0] b_extended;
  assign b_extended = b;
  logic signed [INTERMEDIATE_WIDTH-1:0] unscaled_out;
  assign unscaled_out = a*b;} -selectionId 0 -replace 0
gui_src_highlight_item -id Source.1 -lfrom 42 -idxfrom 3 -fileIdFrom 0 -lto 46 -idxto 42 -fileIdTo 0 -selection {/area logging
  initial begin
    #0;
    tbench_top.area += 5800;
    $display("%m added %d to area", 5800);} -selectionId 0 -replace 0
gui_list_action -id  Hier.1 tbench_top.dut.top_chip_i.controller.ch_in_r
gui_list_select -id Hier.1 -current_item_name tbench_top.dut.top_chip_i.controller.ch_in_r -current_item_type Scope  -selected  { tbench_top.dut.top_chip_i.controller.ch_in_r   }
gui_src_highlight_item -id Source.1 -lfrom 28 -idxfrom 21 -fileIdFrom 0 -lto 28 -idxto 29 -fileIdTo 0 -selection {17*WIDTH} -selectionId 0 -replace 0
gui_src_highlight_item -id Source.1 -lfrom 28 -idxfrom 22 -fileIdFrom 0 -lto 28 -idxto 23 -fileIdTo 0 -selection {7} -selectionId 0 -replace 0
gui_src_highlight_item -id Source.1 -lfrom 28 -idxfrom 21 -fileIdFrom 0 -lto 28 -idxto 23 -fileIdTo 0 -selection {17} -selectionId 0 -replace 0
gui_list_select -id Hier.1 -current_item_name tbench_top.t1 -current_item_type Scope  -selected  { tbench_top.t1   }
gui_list_action -id  Hier.1 tbench_top.t1
gui_list_select -id Hier.1 -current_item_name tbench_top.dut.top_chip_i.mac_unit.mul -current_item_type Scope  -selected  { tbench_top.dut.top_chip_i.mac_unit.mul   }
gui_list_action -id  Hier.1 tbench_top.dut.top_chip_i.mac_unit.mul
gui_src_highlight_item -id Source.1 -lfrom 45 -idxfrom 3 -fileIdFrom 0 -lto 45 -idxto 28 -fileIdTo 0 -selection { tbench_top.area += 5800;} -selectionId 0 -replace 0
gui_list_select -id Hier.1 -current_item_name tbench_top.dut.top_chip_i.mac_unit.add -current_item_type Scope  -selected  { tbench_top.dut.top_chip_i.mac_unit.add   }
gui_list_action -id  Hier.1 tbench_top.dut.top_chip_i.mac_unit.add
gui_src_highlight_item -id Source.1 -lfrom 44 -idxfrom 7 -fileIdFrom 0 -lto 45 -idxto 23 -fileIdTo 0 -selection {
    tbench_top.area += } -selectionId 0 -replace 0
gui_list_select -id Hier.1 -current_item_name tbench_top.dut.top_chip_i.mac_unit.accumulator_value_r -current_item_type Scope  -selected  { tbench_top.dut.top_chip_i.mac_unit.accumulator_value_r   }
gui_list_action -id  Hier.1 tbench_top.dut.top_chip_i.mac_unit.accumulator_value_r
gui_src_highlight_item -id Source.1 -lfrom 28 -idxfrom 21 -fileIdFrom 0 -lto 28 -idxto 23 -fileIdTo 0 -selection {17} -selectionId 0 -replace 0
